nohup: ignoring input
/home/hongtan/miniconda3/envs/DDAffinity/lib/python3.10/site-packages/torch/storage.py:414: FutureWarning: You are using `torch.load` with `weights_only=False` (the current default value), which uses the default pickle module implicitly. It is possible to construct malicious pickle data which will execute arbitrary code during unpickling (See https://github.com/pytorch/pytorch/blob/main/SECURITY.md#untrusted-models for more details). In a future release, the default value for `weights_only` will be flipped to `True`. This limits the functions that could be executed during unpickling. Arbitrary objects will no longer be allowed to be loaded via this mode unless they are explicitly allowlisted by the user via `torch.serialization.add_safe_globals`. We recommend you start setting `weights_only=True` for any use case where you don't have full control of the loaded file. Please open an issue on GitHub for any issues related to this experimental feature.
  return torch.load(io.BytesIO(b))
[0;30;43m2024-10-02 06-18-14 | [pretrain] Epoch 1 | Train Loss: 4.17513 | 0.02366 3.11453 0.63143 0.42905200[0m
[0;30;43m2024-10-02 06-18-53 | [pretrain] Epoch 11 | Train Loss: 3.67264 | 0.02395 2.84926 0.41708 0.40617841[0m
[0;30;43m2024-10-02 06-19-36 | [pretrain] Epoch 21 | Train Loss: 3.38709 | 0.02459 2.59963 0.40195 0.38537705[0m
[0;30;43m2024-10-02 06-20-24 | [pretrain] Epoch 31 | Train Loss: 3.28147 | 0.02472 2.43057 0.42797 0.42281160[0m
[0;30;43m2024-10-02 06-21-11 | [pretrain] Epoch 41 | Train Loss: 2.57110 | 0.02491 1.75900 0.41782 0.39414853[0m
[0;30;43m2024-10-02 06-22-01 | [pretrain] Epoch 51 | Train Loss: 1.80861 | 0.02408 1.01245 0.42949 0.36655256[0m
[0;30;43m2024-10-02 06-22-41 | [pretrain] Epoch 61 | Train Loss: 1.39652 | 0.02434 0.64902 0.39403 0.35334402[0m
[0;30;43m2024-10-02 06-23-33 | [pretrain] Epoch 71 | Train Loss: 1.05109 | 0.02413 0.29143 0.39132 0.36821324[0m
[0;30;43m2024-10-02 06-24-12 | [pretrain] Epoch 81 | Train Loss: 0.90510 | 0.02417 0.14405 0.37077 0.39015332[0m
[0;30;43m2024-10-02 06-24-47 | [pretrain] Epoch 91 | Train Loss: 0.95828 | 0.02426 0.20541 0.37072 0.38202536[0m
Skipping entry 6409 after transform.
[0;30;43m2024-10-02 06-25-32 | [pretrain] Epoch 101 | Train Loss: 0.73058 | 0.02432 0.04605 0.33256 0.35185015[0m
[0;30;43m2024-10-02 06-26-16 | [pretrain] Epoch 111 | Train Loss: 0.78652 | 0.02429 0.02805 0.36770 0.39064962[0m
[0;30;43m2024-10-02 06-26-58 | [pretrain] Epoch 121 | Train Loss: 0.72650 | 0.02426 0.02400 0.34979 0.35258219[0m
[0;30;43m2024-10-02 06-27-53 | [pretrain] Epoch 131 | Train Loss: 0.73064 | 0.02424 0.01904 0.34893 0.36255279[0m
[0;30;43m2024-10-02 06-28-37 | [pretrain] Epoch 141 | Train Loss: 0.69207 | 0.02420 0.01407 0.35517 0.32271302[0m
[0;30;43m2024-10-02 06-29-34 | [pretrain] Epoch 151 | Train Loss: 0.65835 | 0.02409 0.01403 0.33799 0.30621758[0m
[0;30;43m2024-10-02 06-30-24 | [pretrain] Epoch 161 | Train Loss: 0.66064 | 0.02400 0.00811 0.34171 0.31069744[0m
[0;30;43m2024-10-02 06-31-23 | [pretrain] Epoch 171 | Train Loss: 0.65071 | 0.02398 0.00749 0.34790 0.29520530[0m
[0;30;43m2024-10-02 06-32-26 | [pretrain] Epoch 181 | Train Loss: 0.78527 | 0.02401 0.13944 0.33531 0.31039688[0m
[0;30;43m2024-10-02 06-33-15 | [pretrain] Epoch 191 | Train Loss: 0.60745 | 0.02398 0.00701 0.35072 0.24959561[0m
[0;30;43m2024-10-02 06-33-55 | [pretrain] Epoch 201 | Train Loss: 0.59108 | 0.02398 0.00657 0.32922 0.25517040[0m
[0;30;43m2024-10-02 06-34-58 | [pretrain] Epoch 211 | Train Loss: 0.61096 | 0.02388 0.00975 0.33418 0.26691207[0m
Skipping entry 6409 after transform.
[0;30;43m2024-10-02 06-35-31 | [pretrain] Epoch 221 | Train Loss: 0.55822 | 0.02388 0.00550 0.30300 0.24959777[0m
[0;30;43m2024-10-02 06-36-25 | [pretrain] Epoch 231 | Train Loss: 0.56033 | 0.02380 0.00485 0.30388 0.25147232[0m
Skipping entry 6409 after transform.
[0;30;43m2024-10-02 06-37-18 | [pretrain] Epoch 241 | Train Loss: 0.57608 | 0.02382 0.00470 0.31929 0.25196680[0m
[0;30;43m2024-10-02 06-38-07 | [pretrain] Epoch 251 | Train Loss: 0.54548 | 0.02373 0.00358 0.32949 0.21228778[0m
[0;30;43m2024-10-02 06-38-52 | [pretrain] Epoch 261 | Train Loss: 0.56900 | 0.02372 0.00308 0.33182 0.23398404[0m
[0;30;43m2024-10-02 06-39-40 | [pretrain] Epoch 271 | Train Loss: 0.58448 | 0.02366 0.00347 0.34364 0.23724985[0m
[0;30;43m2024-10-02 06-40-26 | [pretrain] Epoch 281 | Train Loss: 0.53434 | 0.02359 0.00275 0.31604 0.21543077[0m
[0;30;43m2024-10-02 06-41-09 | [pretrain] Epoch 291 | Train Loss: 0.55508 | 0.02363 0.00351 0.32609 0.22536685[0m
[0;30;43m2024-10-02 06-42-08 | [pretrain] Epoch 301 | Train Loss: 0.51812 | 0.02352 0.00272 0.30000 0.21527465[0m
[0;30;43m2024-10-02 06-42-43 | [pretrain] Epoch 311 | Train Loss: 0.52781 | 0.02346 0.00202 0.29207 0.23360273[0m
Skipping entry 6409 after transform.
[0;30;43m2024-10-02 06-43-25 | [pretrain] Epoch 321 | Train Loss: 0.54317 | 0.02320 0.00247 0.31418 0.22640273[0m
[0;30;43m2024-10-02 06-44-11 | [pretrain] Epoch 331 | Train Loss: 0.54654 | 0.02319 0.00310 0.31382 0.22950944[0m
[0;30;43m2024-10-02 06-44-59 | [pretrain] Epoch 341 | Train Loss: 0.46467 | 0.02334 0.00231 0.27060 0.19164887[0m
Skipping entry 6409 after transform.
[0;30;43m2024-10-02 06-45-43 | [pretrain] Epoch 351 | Train Loss: 0.57824 | 0.02326 0.01024 0.31845 0.24943796[0m
[0;30;43m2024-10-02 06-46-21 | [pretrain] Epoch 361 | Train Loss: 0.47936 | 0.02316 0.00207 0.27359 0.20359395[0m
[0;30;43m2024-10-02 06-46-56 | [pretrain] Epoch 371 | Train Loss: 0.50977 | 0.02319 0.00161 0.28593 0.22210398[0m
[0;30;43m2024-10-02 06-47-42 | [pretrain] Epoch 381 | Train Loss: 0.50990 | 0.02320 0.00174 0.28781 0.22023550[0m
[0;30;43m2024-10-02 06-48-19 | [pretrain] Epoch 391 | Train Loss: 0.61349 | 0.02317 0.09847 0.28936 0.22554499[0m
[0;30;43m2024-10-02 06-49-03 | [pretrain] Epoch 401 | Train Loss: 0.50116 | 0.02311 0.00184 0.29721 0.20199534[0m
[0;30;43m2024-10-02 06-49-45 | [pretrain] Epoch 411 | Train Loss: 0.52688 | 0.02296 0.00269 0.32309 0.20098846[0m
[0;30;43m2024-10-02 06-50-28 | [pretrain] Epoch 421 | Train Loss: 0.47095 | 0.02306 0.00180 0.27750 0.19154553[0m
[0;30;43m2024-10-02 06-51-11 | [pretrain] Epoch 431 | Train Loss: 0.51582 | 0.02294 0.00147 0.32667 0.18756402[0m
Skipping entry 6409 after transform.
[0;30;43m2024-10-02 06-51-55 | [pretrain] Epoch 441 | Train Loss: 0.48212 | 0.02302 0.00149 0.30146 0.17905320[0m
Skipping entry 6409 after transform.
[0;30;43m2024-10-02 06-52-36 | [pretrain] Epoch 451 | Train Loss: 0.46354 | 0.02290 0.00148 0.27139 0.19055083[0m
[0;30;43m2024-10-02 06-53-11 | [pretrain] Epoch 461 | Train Loss: 0.49375 | 0.02292 0.00185 0.28494 0.20684706[0m
Skipping entry 6409 after transform.
[0;30;43m2024-10-02 06-53-49 | [pretrain] Epoch 471 | Train Loss: 0.48938 | 0.02301 0.00867 0.27482 0.20578355[0m
[0;30;43m2024-10-02 06-54-24 | [pretrain] Epoch 481 | Train Loss: 0.48818 | 0.02276 0.00115 0.27903 0.20789035[0m
[0;30;43m2024-10-02 06-54-58 | [pretrain] Epoch 491 | Train Loss: 0.44303 | 0.02287 0.00172 0.26670 0.17449574[0m
[0;30;43m2024-10-02 06-55-38 | [pretrain] Epoch 501 | Train Loss: 0.45928 | 0.02264 0.00107 0.27160 0.18649177[0m
[0;30;43m2024-10-02 06-56-18 | [pretrain] Epoch 511 | Train Loss: 0.44203 | 0.02277 0.00121 0.25682 0.18388397[0m
[0;30;43m2024-10-02 06-56-55 | [pretrain] Epoch 521 | Train Loss: 0.50955 | 0.02279 0.00091 0.31879 0.18973562[0m
[0;30;43m2024-10-02 06-57-32 | [pretrain] Epoch 531 | Train Loss: 0.39302 | 0.02268 0.00115 0.21688 0.17486726[0m
[0;30;43m2024-10-02 06-58-14 | [pretrain] Epoch 541 | Train Loss: 0.43665 | 0.02279 0.00151 0.23854 0.19648872[0m
[0;30;43m2024-10-02 06-58-59 | [pretrain] Epoch 551 | Train Loss: 0.40536 | 0.02240 0.00133 0.20203 0.20188099[0m
[0;30;43m2024-10-02 06-59-46 | [pretrain] Epoch 561 | Train Loss: 0.41320 | 0.02265 0.00093 0.23369 0.17846498[0m
[0;30;43m2024-10-02 07-00-36 | [pretrain] Epoch 571 | Train Loss: 0.38694 | 0.02272 0.00116 0.19663 0.18904625[0m
[0;30;43m2024-10-02 07-01-21 | [pretrain] Epoch 581 | Train Loss: 0.40134 | 0.02281 0.00097 0.21721 0.18304624[0m
[0;30;43m2024-10-02 07-01-57 | [pretrain] Epoch 591 | Train Loss: 0.44627 | 0.02288 0.05478 0.20823 0.18314706[0m
[0;30;43m2024-10-02 07-02-40 | [pretrain] Epoch 601 | Train Loss: 0.38627 | 0.02254 0.00253 0.19470 0.18892801[0m
[0;30;43m2024-10-02 07-03-21 | [pretrain] Epoch 611 | Train Loss: 0.37707 | 0.02254 0.00074 0.20878 0.16744447[0m
Skipping entry 6409 after transform.
[0;30;43m2024-10-02 07-04-01 | [pretrain] Epoch 621 | Train Loss: 0.37304 | 0.02277 0.00096 0.19232 0.17964540[0m
[0;30;43m2024-10-02 07-04-31 | [pretrain] Epoch 631 | Train Loss: 0.40382 | 0.02263 0.00136 0.22673 0.17561449[0m
Skipping entry 6409 after transform.
Skipping entry 6409 after transform.
Skipping entry 6409 after transform.
[0;30;43m2024-10-02 07-05-05 | [pretrain] Epoch 641 | Train Loss: 0.35618 | 0.02241 0.00093 0.18544 0.16969968[0m
Skipping entry 6409 after transform.
[0;30;43m2024-10-02 07-05-39 | [pretrain] Epoch 651 | Train Loss: 0.36076 | 0.02247 0.00116 0.18935 0.17012931[0m
Skipping entry 6409 after transform.
[0;30;43m2024-10-02 07-06-09 | [pretrain] Epoch 661 | Train Loss: 0.39518 | 0.02264 0.00081 0.21216 0.18208981[0m
[0;30;43m2024-10-02 07-06-43 | [pretrain] Epoch 671 | Train Loss: 0.44770 | 0.02258 0.06178 0.20902 0.17678756[0m
[0;30;43m2024-10-02 07-07-21 | [pretrain] Epoch 681 | Train Loss: 0.34076 | 0.02242 0.00065 0.18006 0.15993592[0m
[0;30;43m2024-10-02 07-07-52 | [pretrain] Epoch 691 | Train Loss: 0.38979 | 0.02238 0.00065 0.20662 0.18240111[0m
[0;30;43m2024-10-02 07-08-33 | [pretrain] Epoch 701 | Train Loss: 0.35878 | 0.02213 0.00056 0.19394 0.16417432[0m
[0;30;43m2024-10-02 07-09-07 | [pretrain] Epoch 711 | Train Loss: 0.36013 | 0.02220 0.00064 0.19488 0.16450082[0m
[0;30;43m2024-10-02 07-09-41 | [pretrain] Epoch 721 | Train Loss: 0.33665 | 0.02210 0.00046 0.19867 0.13740133[0m
[0;30;43m2024-10-02 07-10-17 | [pretrain] Epoch 731 | Train Loss: 0.36070 | 0.02196 0.00072 0.19416 0.16570470[0m
Skipping entry 6409 after transform.
[0;30;43m2024-10-02 07-10-55 | [pretrain] Epoch 741 | Train Loss: 0.38583 | 0.02200 0.00061 0.20228 0.18283127[0m
[0;30;43m2024-10-02 07-11-38 | [pretrain] Epoch 751 | Train Loss: 0.37270 | 0.02193 0.00227 0.19158 0.17873643[0m
[0;30;43m2024-10-02 07-12-14 | [pretrain] Epoch 761 | Train Loss: 0.34881 | 0.02215 0.00112 0.19021 0.15736337[0m
[0;30;43m2024-10-02 07-12-50 | [pretrain] Epoch 771 | Train Loss: 0.35853 | 0.02188 0.00074 0.20280 0.15487869[0m
[0;30;43m2024-10-02 07-13-33 | [pretrain] Epoch 781 | Train Loss: 0.32153 | 0.02182 0.00048 0.17509 0.14584807[0m
[0;30;43m2024-10-02 07-14-02 | [pretrain] Epoch 791 | Train Loss: 0.34650 | 0.02190 0.00077 0.18667 0.15895660[0m
[0;30;43m2024-10-02 07-14-38 | [pretrain] Epoch 801 | Train Loss: 0.32321 | 0.02166 0.00094 0.19173 0.13043849[0m
[0;30;43m2024-10-02 07-15-17 | [pretrain] Epoch 811 | Train Loss: 0.31382 | 0.02186 0.00074 0.15257 0.16039440[0m
[0;30;43m2024-10-02 07-16-02 | [pretrain] Epoch 821 | Train Loss: 0.35484 | 0.02137 0.00065 0.17282 0.18127151[0m
[0;30;43m2024-10-02 07-16-33 | [pretrain] Epoch 831 | Train Loss: 0.31289 | 0.02143 0.00038 0.16582 0.14658117[0m
[0;30;43m2024-10-02 07-17-02 | [pretrain] Epoch 841 | Train Loss: 0.42492 | 0.02155 0.07015 0.17713 0.17752664[0m
[0;30;43m2024-10-02 07-17-30 | [pretrain] Epoch 851 | Train Loss: 0.32936 | 0.02142 0.00139 0.17596 0.15190688[0m
Skipping entry 6409 after transform.
[0;30;43m2024-10-02 07-18-04 | [pretrain] Epoch 861 | Train Loss: 0.31721 | 0.02147 0.00054 0.17606 0.14050278[0m
[0;30;43m2024-10-02 07-18-43 | [pretrain] Epoch 871 | Train Loss: 0.35714 | 0.02126 0.00061 0.19252 0.16390735[0m
[0;30;43m2024-10-02 07-19-19 | [pretrain] Epoch 881 | Train Loss: 0.29524 | 0.02140 0.00118 0.15847 0.13547525[0m
[0;30;43m2024-10-02 07-19-57 | [pretrain] Epoch 891 | Train Loss: 0.32419 | 0.02098 0.00059 0.18115 0.14234263[0m
[0;30;43m2024-10-02 07-20-39 | [pretrain] Epoch 901 | Train Loss: 0.33939 | 0.02117 0.00065 0.17525 0.16339132[0m
[0;30;43m2024-10-02 07-21-19 | [pretrain] Epoch 911 | Train Loss: 0.33277 | 0.02103 0.00034 0.17949 0.15283117[0m
[0;30;43m2024-10-02 07-21-55 | [pretrain] Epoch 921 | Train Loss: 0.28871 | 0.02099 0.00040 0.14477 0.14343679[0m
Skipping entry 6409 after transform.
[0;30;43m2024-10-02 07-22-28 | [pretrain] Epoch 931 | Train Loss: 0.30457 | 0.02102 0.00044 0.15386 0.15016651[0m
[0;30;43m2024-10-02 07-23-04 | [pretrain] Epoch 941 | Train Loss: 0.29074 | 0.02095 0.00046 0.14541 0.14476547[0m
[0;30;43m2024-10-02 07-23-42 | [pretrain] Epoch 951 | Train Loss: 0.30716 | 0.02111 0.00207 0.15531 0.14966856[0m
[0;30;43m2024-10-02 07-24-19 | [pretrain] Epoch 961 | Train Loss: 0.33417 | 0.02086 0.00128 0.17447 0.15831260[0m
[0;30;43m2024-10-02 07-24-58 | [pretrain] Epoch 971 | Train Loss: 0.34894 | 0.02085 0.00061 0.19011 0.15811643[0m
[0;30;43m2024-10-02 07-25-38 | [pretrain] Epoch 981 | Train Loss: 0.31859 | 0.02102 0.00048 0.18014 0.13786013[0m
Skipping entry 6409 after transform.
[0;30;43m2024-10-02 07-26-15 | [pretrain] Epoch 991 | Train Loss: 0.29519 | 0.02089 0.00032 0.15980 0.13497038[0m
[0;30;43m2024-10-02 07-26-52 | [pretrain] Epoch 1001 | Train Loss: 0.28734 | 0.02065 0.00027 0.15515 0.13182029[0m
[0;30;43m2024-10-02 07-27-36 | [pretrain] Epoch 1011 | Train Loss: 0.29451 | 0.02105 0.00031 0.17099 0.12310015[0m
[0;30;43m2024-10-02 07-28-24 | [pretrain] Epoch 1021 | Train Loss: 0.32594 | 0.02080 0.00027 0.17125 0.15431876[0m
[0;30;43m2024-10-02 07-29-00 | [pretrain] Epoch 1031 | Train Loss: 0.31914 | 0.02068 0.00054 0.16960 0.14889382[0m
[0;30;43m2024-10-02 07-29-37 | [pretrain] Epoch 1041 | Train Loss: 0.33514 | 0.02049 0.00035 0.17898 0.15570074[0m
[0;30;43m2024-10-02 07-30-21 | [pretrain] Epoch 1051 | Train Loss: 0.29177 | 0.02066 0.00037 0.15432 0.13696431[0m
[0;30;43m2024-10-02 07-30-57 | [pretrain] Epoch 1061 | Train Loss: 0.28283 | 0.02065 0.00037 0.13727 0.14508723[0m
[0;30;43m2024-10-02 07-31-41 | [pretrain] Epoch 1071 | Train Loss: 0.30015 | 0.02067 0.00032 0.15840 0.14133768[0m
Skipping entry 6409 after transform.
Skipping entry 6409 after transform.
[0;30;43m2024-10-02 07-32-15 | [pretrain] Epoch 1081 | Train Loss: 0.30565 | 0.02064 0.00040 0.16814 0.13699897[0m
[0;30;43m2024-10-02 07-32-56 | [pretrain] Epoch 1091 | Train Loss: 0.32277 | 0.02033 0.00034 0.16651 0.15582004[0m
[0;30;43m2024-10-02 07-33-32 | [pretrain] Epoch 1101 | Train Loss: 0.26581 | 0.02053 0.00021 0.13849 0.12701175[0m
[0;30;43m2024-10-02 07-34-05 | [pretrain] Epoch 1111 | Train Loss: 0.34205 | 0.02070 0.00035 0.19809 0.14349650[0m
[0;30;43m2024-10-02 07-34-41 | [pretrain] Epoch 1121 | Train Loss: 0.31810 | 0.02034 0.00028 0.16287 0.15484574[0m
[0;30;43m2024-10-02 07-35-28 | [pretrain] Epoch 1131 | Train Loss: 0.29091 | 0.02037 0.00029 0.15273 0.13778929[0m
[0;30;43m2024-10-02 07-36-08 | [pretrain] Epoch 1141 | Train Loss: 0.30779 | 0.02035 0.00029 0.16123 0.14617218[0m
[0;30;43m2024-10-02 07-36-44 | [pretrain] Epoch 1151 | Train Loss: 0.26687 | 0.02040 0.00024 0.14640 0.12013187[0m
[0;30;43m2024-10-02 07-37-24 | [pretrain] Epoch 1161 | Train Loss: 0.30152 | 0.02010 0.00106 0.17186 0.12849705[0m
Skipping entry 6409 after transform.
[0;30;43m2024-10-02 07-38-01 | [pretrain] Epoch 1171 | Train Loss: 0.31196 | 0.02030 0.00043 0.18045 0.13098030[0m
[0;30;43m2024-10-02 07-38-43 | [pretrain] Epoch 1181 | Train Loss: 0.29342 | 0.02037 0.00052 0.15692 0.13587065[0m
[0;30;43m2024-10-02 07-39-27 | [pretrain] Epoch 1191 | Train Loss: 0.28141 | 0.02029 0.00051 0.15815 0.12264097[0m
[0;30;43m2024-10-02 07-40-34 | [pretrain] Epoch 1201 | Train Loss: 0.27341 | 0.02015 0.00087 0.15429 0.11814919[0m
[0;30;43m2024-10-02 07-41-36 | [pretrain] Epoch 1211 | Train Loss: 0.31313 | 0.02027 0.00150 0.17796 0.13357012[0m
[0;30;43m2024-10-02 07-42-27 | [pretrain] Epoch 1221 | Train Loss: 0.37462 | 0.02033 0.05194 0.17355 0.14903565[0m
Skipping entry 6409 after transform.
[0;30;43m2024-10-02 07-43-04 | [pretrain] Epoch 1231 | Train Loss: 0.34774 | 0.02026 0.00049 0.19193 0.15522182[0m
Skipping entry 6409 after transform.
[0;30;43m2024-10-02 07-43-41 | [pretrain] Epoch 1241 | Train Loss: 0.27691 | 0.02018 0.00025 0.15130 0.12526561[0m
Skipping entry 6409 after transform.
[0;30;43m2024-10-02 07-44-14 | [pretrain] Epoch 1251 | Train Loss: 0.28709 | 0.02008 0.00025 0.15479 0.13195299[0m
[0;30;43m2024-10-02 07-44-50 | [pretrain] Epoch 1261 | Train Loss: 0.32599 | 0.02014 0.00031 0.18582 0.13975491[0m
[0;30;43m2024-10-02 07-45-24 | [pretrain] Epoch 1271 | Train Loss: 0.27013 | 0.02008 0.00023 0.13372 0.13608560[0m
[0;30;43m2024-10-02 07-45-58 | [pretrain] Epoch 1281 | Train Loss: 0.28796 | 0.02036 0.00020 0.17121 0.11645652[0m
[0;30;43m2024-10-02 07-46-39 | [pretrain] Epoch 1291 | Train Loss: 0.27567 | 0.02018 0.00019 0.15277 0.12260976[0m
[0;30;43m2024-10-02 07-47-09 | [pretrain] Epoch 1301 | Train Loss: 0.26700 | 0.02017 0.00020 0.13877 0.12794104[0m
Skipping entry 6409 after transform.
[0;30;43m2024-10-02 07-47-45 | [pretrain] Epoch 1311 | Train Loss: 0.25756 | 0.02020 0.00013 0.14165 0.11568276[0m
[0;30;43m2024-10-02 07-48-21 | [pretrain] Epoch 1321 | Train Loss: 0.25581 | 0.02004 0.00013 0.13983 0.11574798[0m
[0;30;43m2024-10-02 07-48-58 | [pretrain] Epoch 1331 | Train Loss: 0.28372 | 0.02003 0.00163 0.15392 0.12807383[0m
[0;30;43m2024-10-02 07-49-37 | [pretrain] Epoch 1341 | Train Loss: 0.27883 | 0.02025 0.00018 0.14677 0.13178135[0m
[0;30;43m2024-10-02 07-50-08 | [pretrain] Epoch 1351 | Train Loss: 0.27780 | 0.01988 0.00024 0.15854 0.11892150[0m
[0;30;43m2024-10-02 07-50-45 | [pretrain] Epoch 1361 | Train Loss: 0.26355 | 0.01984 0.00024 0.14949 0.11372706[0m
[0;30;43m2024-10-02 07-51-26 | [pretrain] Epoch 1371 | Train Loss: 0.20213 | 0.02002 0.00021 0.10883 0.09298590[0m
[0;30;43m2024-10-02 07-51-56 | [pretrain] Epoch 1381 | Train Loss: 0.27111 | 0.02003 0.00049 0.14890 0.12162060[0m
[0;30;43m2024-10-02 07-52-27 | [pretrain] Epoch 1391 | Train Loss: 0.29295 | 0.01992 0.00026 0.16201 0.13057946[0m
[0;30;43m2024-10-02 07-52-57 | [pretrain] Epoch 1401 | Train Loss: 0.24838 | 0.01989 0.00033 0.14358 0.10437389[0m
[0;30;43m2024-10-02 07-53-34 | [pretrain] Epoch 1411 | Train Loss: 0.27838 | 0.02000 0.00163 0.16290 0.11375114[0m
[0;30;43m2024-10-02 07-54-11 | [pretrain] Epoch 1421 | Train Loss: 0.22899 | 0.01994 0.00017 0.12166 0.10706694[0m
[0;30;43m2024-10-02 07-54-49 | [pretrain] Epoch 1431 | Train Loss: 0.29172 | 0.01980 0.00151 0.15950 0.13061024[0m
[0;30;43m2024-10-02 07-55-29 | [pretrain] Epoch 1441 | Train Loss: 0.23926 | 0.01989 0.00015 0.12539 0.11361923[0m
[0;30;43m2024-10-02 07-56-06 | [pretrain] Epoch 1451 | Train Loss: 0.28273 | 0.01985 0.00019 0.16017 0.12226835[0m
[0;30;43m2024-10-02 07-56-38 | [pretrain] Epoch 1461 | Train Loss: 0.25653 | 0.01992 0.00017 0.12875 0.12751523[0m
[0;30;43m2024-10-02 07-57-17 | [pretrain] Epoch 1471 | Train Loss: 0.27726 | 0.01997 0.00016 0.15498 0.12201617[0m
[0;30;43m2024-10-02 07-57-51 | [pretrain] Epoch 1481 | Train Loss: 0.24852 | 0.01997 0.00013 0.13288 0.11541416[0m
[0;30;43m2024-10-02 07-58-22 | [pretrain] Epoch 1491 | Train Loss: 0.26134 | 0.02013 0.00010 0.14114 0.12000485[0m
[0;30;43m2024-10-02 07-58-52 | [pretrain] Epoch 1501 | Train Loss: 0.27516 | 0.01994 0.02628 0.14592 0.10285821[0m
Skipping entry 6409 after transform.
[0;30;43m2024-10-02 07-59-23 | [pretrain] Epoch 1511 | Train Loss: 0.27722 | 0.01985 0.00013 0.15469 0.12229753[0m
[0;30;43m2024-10-02 08-00-07 | [pretrain] Epoch 1521 | Train Loss: 0.29949 | 0.01991 0.00029 0.17187 0.12723485[0m
[0;30;43m2024-10-02 08-00-48 | [pretrain] Epoch 1531 | Train Loss: 0.23138 | 0.02000 0.00014 0.13153 0.09961026[0m
[0;30;43m2024-10-02 08-01-23 | [pretrain] Epoch 1541 | Train Loss: 0.25259 | 0.01986 0.00014 0.13830 0.11404688[0m
[0;30;43m2024-10-02 08-02-05 | [pretrain] Epoch 1551 | Train Loss: 0.26600 | 0.01985 0.00017 0.15256 0.11317338[0m
[0;30;43m2024-10-02 08-02-45 | [pretrain] Epoch 1561 | Train Loss: 0.25248 | 0.01958 0.00026 0.13426 0.11786585[0m
[0;30;43m2024-10-02 08-03-27 | [pretrain] Epoch 1571 | Train Loss: 0.27939 | 0.01974 0.00030 0.14719 0.13180180[0m
[0;30;43m2024-10-02 08-04-03 | [pretrain] Epoch 1581 | Train Loss: 0.24950 | 0.01973 0.00016 0.13128 0.11797134[0m
[0;30;43m2024-10-02 08-04-28 | [pretrain] Epoch 1591 | Train Loss: 0.26218 | 0.01986 0.02745 0.14545 0.08917324[0m
[0;30;43m2024-10-02 08-05-01 | [pretrain] Epoch 1601 | Train Loss: 0.26178 | 0.01981 0.00046 0.13973 0.12149350[0m
Skipping entry 6409 after transform.
[0;30;43m2024-10-02 08-05-41 | [pretrain] Epoch 1611 | Train Loss: 0.26572 | 0.02000 0.00112 0.14050 0.12399368[0m
[0;30;43m2024-10-02 08-06-14 | [pretrain] Epoch 1621 | Train Loss: 0.25786 | 0.01985 0.00015 0.15236 0.10524814[0m
[0;30;43m2024-10-02 08-06-41 | [pretrain] Epoch 1631 | Train Loss: 0.26231 | 0.01951 0.00016 0.13905 0.12299731[0m
[0;30;43m2024-10-02 08-07-16 | [pretrain] Epoch 1641 | Train Loss: 0.26636 | 0.01979 0.00014 0.15164 0.11447257[0m
[0;30;43m2024-10-02 08-07-55 | [pretrain] Epoch 1651 | Train Loss: 0.23096 | 0.01982 0.00013 0.12087 0.10985612[0m
[0;30;43m2024-10-02 08-08-24 | [pretrain] Epoch 1661 | Train Loss: 0.24164 | 0.01991 0.00010 0.14405 0.09739996[0m
[0;30;43m2024-10-02 08-08-53 | [pretrain] Epoch 1671 | Train Loss: 0.26134 | 0.01968 0.00011 0.14964 0.11149397[0m
Skipping entry 6409 after transform.
[0;30;43m2024-10-02 08-09-25 | [pretrain] Epoch 1681 | Train Loss: 0.23557 | 0.01971 0.00011 0.12631 0.10904872[0m
[0;30;43m2024-10-02 08-10-01 | [pretrain] Epoch 1691 | Train Loss: 0.25299 | 0.01981 0.00011 0.13940 0.11338772[0m
[0;30;43m2024-10-02 08-10-35 | [pretrain] Epoch 1701 | Train Loss: 0.25438 | 0.01961 0.00014 0.14603 0.10811859[0m
[0;30;43m2024-10-02 08-11-16 | [pretrain] Epoch 1711 | Train Loss: 0.22946 | 0.01971 0.00008 0.13495 0.09433167[0m
[0;30;43m2024-10-02 08-11-53 | [pretrain] Epoch 1721 | Train Loss: 0.24879 | 0.01970 0.00008 0.14145 0.10716402[0m
Skipping entry 6409 after transform.
[0;30;43m2024-10-02 08-12-37 | [pretrain] Epoch 1731 | Train Loss: 0.24267 | 0.01943 0.00008 0.13291 0.10958813[0m
[0;30;43m2024-10-02 08-13-12 | [pretrain] Epoch 1741 | Train Loss: 0.28290 | 0.01962 0.00008 0.15282 0.12990288[0m
Skipping entry 6409 after transform.
[0;30;43m2024-10-02 08-13-42 | [pretrain] Epoch 1751 | Train Loss: 0.23112 | 0.01972 0.00007 0.12912 0.10182527[0m
[0;30;43m2024-10-02 08-14-22 | [pretrain] Epoch 1761 | Train Loss: 0.23354 | 0.01979 0.00007 0.12240 0.11096444[0m
[0;30;43m2024-10-02 08-15-00 | [pretrain] Epoch 1771 | Train Loss: 0.23536 | 0.01942 0.00008 0.12302 0.11216027[0m
[0;30;43m2024-10-02 08-15-30 | [pretrain] Epoch 1781 | Train Loss: 0.28245 | 0.01945 0.00009 0.15970 0.12256352[0m
[0;30;43m2024-10-02 08-16-08 | [pretrain] Epoch 1791 | Train Loss: 0.26039 | 0.01946 0.00009 0.14708 0.11312615[0m
[0;30;43m2024-10-02 08-16-41 | [pretrain] Epoch 1801 | Train Loss: 0.26782 | 0.01953 0.02245 0.13769 0.10758387[0m
Skipping entry 6409 after transform.
[0;30;43m2024-10-02 08-17-19 | [pretrain] Epoch 1811 | Train Loss: 0.24400 | 0.01953 0.00006 0.13216 0.11168242[0m
Skipping entry 6409 after transform.
[0;30;43m2024-10-02 08-17-52 | [pretrain] Epoch 1821 | Train Loss: 0.24064 | 0.01953 0.00006 0.14208 0.09839845[0m
[0;30;43m2024-10-02 08-18-23 | [pretrain] Epoch 1831 | Train Loss: 0.25741 | 0.01939 0.00006 0.16133 0.09592348[0m
[0;30;43m2024-10-02 08-19-00 | [pretrain] Epoch 1841 | Train Loss: 0.25830 | 0.01967 0.00007 0.12823 0.12989797[0m
[0;30;43m2024-10-02 08-19-27 | [pretrain] Epoch 1851 | Train Loss: 0.25284 | 0.01978 0.00007 0.13884 0.11383697[0m
[0;30;43m2024-10-02 08-19-56 | [pretrain] Epoch 1861 | Train Loss: 0.23049 | 0.01966 0.00007 0.12621 0.10411478[0m
[0;30;43m2024-10-02 08-20-34 | [pretrain] Epoch 1871 | Train Loss: 0.24118 | 0.01942 0.00010 0.12928 0.11170335[0m
[0;30;43m2024-10-02 08-21-03 | [pretrain] Epoch 1881 | Train Loss: 0.22482 | 0.01936 0.00010 0.11857 0.10604797[0m
[0;30;43m2024-10-02 08-21-38 | [pretrain] Epoch 1891 | Train Loss: 0.23165 | 0.01943 0.00008 0.11988 0.11159395[0m
[0;30;43m2024-10-02 08-22-08 | [pretrain] Epoch 1901 | Train Loss: 0.26498 | 0.01931 0.00008 0.14378 0.12102450[0m
Skipping entry 6409 after transform.
[0;30;43m2024-10-02 08-22-34 | [pretrain] Epoch 1911 | Train Loss: 0.23962 | 0.01947 0.00028 0.13646 0.10278167[0m
[0;30;43m2024-10-02 08-23-01 | [pretrain] Epoch 1921 | Train Loss: 0.22433 | 0.01968 0.00014 0.13105 0.09303840[0m
Skipping entry 6409 after transform.
[0;30;43m2024-10-02 08-23-35 | [pretrain] Epoch 1931 | Train Loss: 0.23710 | 0.01920 0.00019 0.13202 0.10479528[0m
[0;30;43m2024-10-02 08-24-11 | [pretrain] Epoch 1941 | Train Loss: 0.23940 | 0.01948 0.00008 0.13754 0.10168488[0m
Skipping entry 6409 after transform.
[0;30;43m2024-10-02 08-24-41 | [pretrain] Epoch 1951 | Train Loss: 0.22563 | 0.01935 0.00023 0.12163 0.10367285[0m
[0;30;43m2024-10-02 08-25-07 | [pretrain] Epoch 1961 | Train Loss: 0.23807 | 0.01929 0.00043 0.13815 0.09938630[0m
[0;30;43m2024-10-02 08-25-42 | [pretrain] Epoch 1971 | Train Loss: 0.23701 | 0.01951 0.00016 0.13906 0.09768554[0m
[0;30;43m2024-10-02 08-26-16 | [pretrain] Epoch 1981 | Train Loss: 0.23701 | 0.01946 0.00008 0.13117 0.10566115[0m
[0;30;43m2024-10-02 08-26-53 | [pretrain] Epoch 1991 | Train Loss: 0.24598 | 0.01929 0.00008 0.13046 0.11534237[0m
[0;30;43m2024-10-02 08-27-24 | [pretrain] Epoch 2001 | Train Loss: 0.22706 | 0.01964 0.00006 0.12621 0.10069826[0m
Skipping entry 6409 after transform.
[0;30;43m2024-10-02 08-27-53 | [pretrain] Epoch 2011 | Train Loss: 0.21544 | 0.01937 0.00014 0.11218 0.10302719[0m
[0;30;43m2024-10-02 08-28-19 | [pretrain] Epoch 2021 | Train Loss: 0.26157 | 0.01942 0.00238 0.14586 0.11323369[0m
[0;30;43m2024-10-02 08-28-46 | [pretrain] Epoch 2031 | Train Loss: 0.21910 | 0.01972 0.00239 0.12241 0.09420182[0m
[0;30;43m2024-10-02 08-29-18 | [pretrain] Epoch 2041 | Train Loss: 0.24519 | 0.01952 0.00053 0.14574 0.09881864[0m
[0;30;43m2024-10-02 08-29-55 | [pretrain] Epoch 2051 | Train Loss: 0.25934 | 0.01920 0.00100 0.12671 0.13152561[0m
[0;30;43m2024-10-02 08-30-22 | [pretrain] Epoch 2061 | Train Loss: 0.22326 | 0.01936 0.00180 0.13074 0.09062929[0m
[0;30;43m2024-10-02 08-30-57 | [pretrain] Epoch 2071 | Train Loss: 0.25669 | 0.01950 0.00024 0.13768 0.11867307[0m
[0;30;43m2024-10-02 08-31-32 | [pretrain] Epoch 2081 | Train Loss: 0.21189 | 0.01941 0.00009 0.11564 0.09605899[0m
[0;30;43m2024-10-02 08-32-16 | [pretrain] Epoch 2091 | Train Loss: 0.22559 | 0.01945 0.00008 0.12048 0.10493002[0m
Skipping entry 6409 after transform.
[0;30;43m2024-10-02 08-32-58 | [pretrain] Epoch 2101 | Train Loss: 0.20239 | 0.01959 0.00007 0.09929 0.10293077[0m
Skipping entry 6409 after transform.
[0;30;43m2024-10-02 08-33-28 | [pretrain] Epoch 2111 | Train Loss: 0.21131 | 0.01939 0.00007 0.11695 0.09419914[0m
[0;30;43m2024-10-02 08-34-02 | [pretrain] Epoch 2121 | Train Loss: 0.23233 | 0.01962 0.00007 0.13337 0.09878877[0m
[0;30;43m2024-10-02 08-34-38 | [pretrain] Epoch 2131 | Train Loss: 0.23996 | 0.01940 0.00010 0.12620 0.11356295[0m
[0;30;43m2024-10-02 08-35-09 | [pretrain] Epoch 2141 | Train Loss: 0.22065 | 0.01913 0.00027 0.11614 0.10414656[0m
[0;30;43m2024-10-02 08-35-40 | [pretrain] Epoch 2151 | Train Loss: 0.22845 | 0.01929 0.00020 0.13081 0.09734512[0m
[0;30;43m2024-10-02 08-36-17 | [pretrain] Epoch 2161 | Train Loss: 0.26269 | 0.01913 0.00009 0.15283 0.10967599[0m
[0;30;43m2024-10-02 08-36-51 | [pretrain] Epoch 2171 | Train Loss: 0.21153 | 0.01927 0.00008 0.10828 0.10307362[0m
[0;30;43m2024-10-02 08-37-30 | [pretrain] Epoch 2181 | Train Loss: 0.24548 | 0.01920 0.00008 0.14167 0.10363829[0m
[0;30;43m2024-10-02 08-38-04 | [pretrain] Epoch 2191 | Train Loss: 0.23474 | 0.01937 0.00012 0.13024 0.10428534[0m
[0;30;43m2024-10-02 08-38-44 | [pretrain] Epoch 2201 | Train Loss: 0.21276 | 0.01980 0.00006 0.10679 0.10581765[0m
[0;30;43m2024-10-02 08-39-22 | [pretrain] Epoch 2211 | Train Loss: 0.21032 | 0.01952 0.00009 0.11677 0.09336296[0m
[0;30;43m2024-10-02 08-40-02 | [pretrain] Epoch 2221 | Train Loss: 0.24164 | 0.01922 0.00009 0.13877 0.10268822[0m
[0;30;43m2024-10-02 08-40-49 | [pretrain] Epoch 2231 | Train Loss: 0.25369 | 0.01910 0.00012 0.14383 0.10964640[0m
Skipping entry 6409 after transform.
Skipping entry 6409 after transform.
[0;30;43m2024-10-02 08-41-32 | [pretrain] Epoch 2241 | Train Loss: 0.23199 | 0.01929 0.00008 0.13401 0.09780694[0m
[0;30;43m2024-10-02 08-42-20 | [pretrain] Epoch 2251 | Train Loss: 0.21971 | 0.01928 0.00017 0.11507 0.10437850[0m
[0;30;43m2024-10-02 08-43-11 | [pretrain] Epoch 2261 | Train Loss: 0.25355 | 0.01949 0.00011 0.13640 0.11694972[0m
Skipping entry 6409 after transform.
[0;30;43m2024-10-02 08-43-52 | [pretrain] Epoch 2271 | Train Loss: 0.22799 | 0.01931 0.00011 0.13391 0.09386475[0m
[0;30;43m2024-10-02 08-44-45 | [pretrain] Epoch 2281 | Train Loss: 0.18281 | 0.01919 0.00010 0.08809 0.09452223[0m
[0;30;43m2024-10-02 08-45-39 | [pretrain] Epoch 2291 | Train Loss: 0.32568 | 0.01919 0.07893 0.15179 0.09486970[0m
[0;30;43m2024-10-02 08-46-32 | [pretrain] Epoch 2301 | Train Loss: 0.22630 | 0.01960 0.00016 0.13201 0.09403181[0m
[0;30;43m2024-10-02 08-47-16 | [pretrain] Epoch 2311 | Train Loss: 0.21637 | 0.01949 0.00022 0.11974 0.09631462[0m
Skipping entry 6409 after transform.
Skipping entry 6409 after transform.
[0;30;43m2024-10-02 08-47-51 | [pretrain] Epoch 2321 | Train Loss: 0.22434 | 0.01927 0.00057 0.12340 0.10027078[0m
[0;30;43m2024-10-02 08-48-25 | [pretrain] Epoch 2331 | Train Loss: 0.22564 | 0.01913 0.00011 0.13215 0.09328550[0m
[0;30;43m2024-10-02 08-48-55 | [pretrain] Epoch 2341 | Train Loss: 0.23211 | 0.01892 0.00007 0.12848 0.10346173[0m
[0;30;43m2024-10-02 08-49-23 | [pretrain] Epoch 2351 | Train Loss: 0.19754 | 0.01915 0.00010 0.10027 0.09707830[0m
[0;30;43m2024-10-02 08-49-53 | [pretrain] Epoch 2361 | Train Loss: 0.22602 | 0.01939 0.00009 0.12875 0.09708005[0m
Skipping entry 6409 after transform.
[0;30;43m2024-10-02 08-50-25 | [pretrain] Epoch 2371 | Train Loss: 0.21273 | 0.01939 0.00011 0.12565 0.08686557[0m
[0;30;43m2024-10-02 08-50-50 | [pretrain] Epoch 2381 | Train Loss: 0.21512 | 0.01939 0.00013 0.11520 0.09969760[0m
[0;30;43m2024-10-02 08-51-26 | [pretrain] Epoch 2391 | Train Loss: 0.24279 | 0.01894 0.00005 0.13063 0.11201269[0m
[0;30;43m2024-10-02 08-52-05 | [pretrain] Epoch 2401 | Train Loss: 0.17255 | 0.01903 0.00004 0.09280 0.07961315[0m
[0;30;43m2024-10-02 08-52-37 | [pretrain] Epoch 2411 | Train Loss: 0.22546 | 0.01882 0.00008 0.13127 0.09402061[0m
Skipping entry 6409 after transform.
[0;30;43m2024-10-02 08-53-09 | [pretrain] Epoch 2421 | Train Loss: 0.23730 | 0.01900 0.00012 0.12138 0.11570744[0m
[0;30;43m2024-10-02 08-53-42 | [pretrain] Epoch 2431 | Train Loss: 0.22933 | 0.01935 0.00013 0.11879 0.11030450[0m
[0;30;43m2024-10-02 08-54-19 | [pretrain] Epoch 2441 | Train Loss: 0.22813 | 0.01919 0.00018 0.13536 0.09249149[0m
[0;30;43m2024-10-02 08-54-53 | [pretrain] Epoch 2451 | Train Loss: 0.24851 | 0.01907 0.00012 0.14453 0.10375911[0m
[0;30;43m2024-10-02 08-55-22 | [pretrain] Epoch 2461 | Train Loss: 0.23505 | 0.01933 0.00069 0.12149 0.11277725[0m
[0;30;43m2024-10-02 08-55-56 | [pretrain] Epoch 2471 | Train Loss: 0.20061 | 0.01933 0.00032 0.11536 0.08482773[0m
[0;30;43m2024-10-02 08-56-30 | [pretrain] Epoch 2481 | Train Loss: 0.19716 | 0.01924 0.00007 0.10600 0.09098677[0m
Skipping entry 6409 after transform.
[0;30;43m2024-10-02 08-57-06 | [pretrain] Epoch 2491 | Train Loss: 0.18183 | 0.01920 0.00007 0.10134 0.08031785[0m
[0;30;43m2024-10-02 08-57-33 | [pretrain] Epoch 2501 | Train Loss: 0.20514 | 0.01922 0.00006 0.11867 0.08630827[0m
[0;30;43m2024-10-02 08-58-08 | [pretrain] Epoch 2511 | Train Loss: 0.24467 | 0.01940 0.00006 0.14852 0.09599541[0m
[0;30;43m2024-10-02 08-58-50 | [pretrain] Epoch 2521 | Train Loss: 0.23441 | 0.01925 0.00008 0.12310 0.11113339[0m
[0;30;43m2024-10-02 08-59-24 | [pretrain] Epoch 2531 | Train Loss: 0.21511 | 0.01909 0.00014 0.12435 0.09052143[0m
[0;30;43m2024-10-02 08-59-54 | [pretrain] Epoch 2541 | Train Loss: 0.28735 | 0.01919 0.00064 0.16982 0.11680361[0m
[0;30;43m2024-10-02 09-00-24 | [pretrain] Epoch 2551 | Train Loss: 0.26194 | 0.01954 0.03630 0.13616 0.08938015[0m
Skipping entry 6409 after transform.
[0;30;43m2024-10-02 09-01-06 | [pretrain] Epoch 2561 | Train Loss: 0.19367 | 0.01954 0.00048 0.11552 0.07757735[0m
[0;30;43m2024-10-02 09-01-42 | [pretrain] Epoch 2571 | Train Loss: 0.19624 | 0.01912 0.00008 0.11635 0.07972174[0m
[0;30;43m2024-10-02 09-02-08 | [pretrain] Epoch 2581 | Train Loss: 0.23982 | 0.01918 0.00009 0.14371 0.09591480[0m
[0;30;43m2024-10-02 09-02-43 | [pretrain] Epoch 2591 | Train Loss: 0.23380 | 0.01945 0.00016 0.12094 0.11260867[0m
[0;30;43m2024-10-02 09-03-21 | [pretrain] Epoch 2601 | Train Loss: 0.21453 | 0.01947 0.00100 0.11551 0.09791878[0m
[0;30;43m2024-10-02 09-04-01 | [pretrain] Epoch 2611 | Train Loss: 0.23794 | 0.01928 0.00019 0.13930 0.09833998[0m
[0;30;43m2024-10-02 09-04-44 | [pretrain] Epoch 2621 | Train Loss: 0.31549 | 0.01950 0.09085 0.11799 0.10655069[0m
[0;30;43m2024-10-02 09-05-18 | [pretrain] Epoch 2631 | Train Loss: 0.23816 | 0.01914 0.00028 0.14516 0.09263254[0m
[0;30;43m2024-10-02 09-05-56 | [pretrain] Epoch 2641 | Train Loss: 0.20640 | 0.01939 0.00015 0.10366 0.10249406[0m
[0;30;43m2024-10-02 09-06-38 | [pretrain] Epoch 2651 | Train Loss: 0.19180 | 0.01932 0.00015 0.12446 0.06708680[0m
[0;30;43m2024-10-02 09-07-24 | [pretrain] Epoch 2661 | Train Loss: 0.21435 | 0.01906 0.00007 0.12027 0.09391094[0m
[0;30;43m2024-10-02 09-08-13 | [pretrain] Epoch 2671 | Train Loss: 0.19648 | 0.01932 0.00012 0.08929 0.10698490[0m
[0;30;43m2024-10-02 09-09-00 | [pretrain] Epoch 2681 | Train Loss: 0.25783 | 0.01923 0.00006 0.15199 0.10568385[0m
[0;30;43m2024-10-02 09-09-36 | [pretrain] Epoch 2691 | Train Loss: 0.20695 | 0.01925 0.01117 0.10899 0.08669478[0m
[0;30;43m2024-10-02 09-10-15 | [pretrain] Epoch 2701 | Train Loss: 0.21663 | 0.01912 0.00009 0.10617 0.11027322[0m
Skipping entry 6409 after transform.
[0;30;43m2024-10-02 09-10-55 | [pretrain] Epoch 2711 | Train Loss: 0.21180 | 0.01950 0.00013 0.11504 0.09653430[0m
[0;30;43m2024-10-02 09-11-28 | [pretrain] Epoch 2721 | Train Loss: 0.21644 | 0.01937 0.00012 0.12024 0.09598596[0m
Skipping entry 6409 after transform.
[0;30;43m2024-10-02 09-12-07 | [pretrain] Epoch 2731 | Train Loss: 0.22854 | 0.01907 0.00005 0.12241 0.10598268[0m
[0;30;43m2024-10-02 09-12-43 | [pretrain] Epoch 2741 | Train Loss: 0.20132 | 0.01911 0.00006 0.10649 0.09467843[0m
[0;30;43m2024-10-02 09-13-17 | [pretrain] Epoch 2751 | Train Loss: 0.20824 | 0.01948 0.00005 0.11036 0.09773888[0m
[0;30;43m2024-10-02 09-13-49 | [pretrain] Epoch 2761 | Train Loss: 0.19933 | 0.01910 0.00006 0.12144 0.07773099[0m
[0;30;43m2024-10-02 09-14-21 | [pretrain] Epoch 2771 | Train Loss: 0.20565 | 0.01920 0.00005 0.11869 0.08681323[0m
Skipping entry 6409 after transform.
Skipping entry 6409 after transform.
[0;30;43m2024-10-02 09-14-57 | [pretrain] Epoch 2781 | Train Loss: 0.21316 | 0.01924 0.00007 0.11676 0.09623704[0m
[0;30;43m2024-10-02 09-15-33 | [pretrain] Epoch 2791 | Train Loss: 0.22594 | 0.01915 0.00005 0.12516 0.10063063[0m
[0;30;43m2024-10-02 09-16-08 | [pretrain] Epoch 2801 | Train Loss: 0.22169 | 0.01933 0.00004 0.12398 0.09757817[0m
[0;30;43m2024-10-02 09-16-51 | [pretrain] Epoch 2811 | Train Loss: 0.20212 | 0.01916 0.00004 0.12015 0.08183212[0m
[0;30;43m2024-10-02 09-17-37 | [pretrain] Epoch 2821 | Train Loss: 0.22334 | 0.01923 0.00015 0.13537 0.08772954[0m
Skipping entry 6409 after transform.
[0;30;43m2024-10-02 09-18-14 | [pretrain] Epoch 2831 | Train Loss: 0.19770 | 0.01934 0.00004 0.10554 0.09202772[0m
[0;30;43m2024-10-02 09-18-44 | [pretrain] Epoch 2841 | Train Loss: 0.18032 | 0.01940 0.00005 0.09556 0.08461056[0m
Skipping entry 6409 after transform.
Skipping entry 6409 after transform.
[0;30;43m2024-10-02 09-19-19 | [pretrain] Epoch 2851 | Train Loss: 0.21180 | 0.01888 0.00003 0.10395 0.10772505[0m
[0;30;43m2024-10-02 09-19-52 | [pretrain] Epoch 2861 | Train Loss: 0.21475 | 0.01902 0.00005 0.11689 0.09770917[0m
[0;30;43m2024-10-02 09-20-30 | [pretrain] Epoch 2871 | Train Loss: 0.20138 | 0.01902 0.00004 0.12184 0.07939911[0m
Skipping entry 6409 after transform.
[0;30;43m2024-10-02 09-21-10 | [pretrain] Epoch 2881 | Train Loss: 0.19129 | 0.01925 0.00003 0.09423 0.09693573[0m
[0;30;43m2024-10-02 09-21-40 | [pretrain] Epoch 2891 | Train Loss: 0.21352 | 0.01931 0.00004 0.11407 0.09931573[0m
[0;30;43m2024-10-02 09-22-14 | [pretrain] Epoch 2901 | Train Loss: 0.20135 | 0.01922 0.00003 0.10593 0.09529407[0m
Skipping entry 6409 after transform.
[0;30;43m2024-10-02 09-22-45 | [pretrain] Epoch 2911 | Train Loss: 0.18967 | 0.01913 0.00003 0.09918 0.09035856[0m
[0;30;43m2024-10-02 09-23-17 | [pretrain] Epoch 2921 | Train Loss: 0.18744 | 0.01917 0.00002 0.10550 0.08182508[0m
[0;30;43m2024-10-02 09-23-51 | [pretrain] Epoch 2931 | Train Loss: 0.22002 | 0.01938 0.00003 0.12967 0.09022352[0m
[0;30;43m2024-10-02 09-24-31 | [pretrain] Epoch 2941 | Train Loss: 0.23015 | 0.01890 0.00004 0.14685 0.08316229[0m
[0;30;43m2024-10-02 09-25-06 | [pretrain] Epoch 2951 | Train Loss: 0.18683 | 0.01886 0.00004 0.10455 0.08213980[0m
[0;30;43m2024-10-02 09-25-42 | [pretrain] Epoch 2961 | Train Loss: 0.23183 | 0.01879 0.00003 0.13456 0.09714516[0m
Skipping entry 6409 after transform.
[0;30;43m2024-10-02 09-26-21 | [pretrain] Epoch 2971 | Train Loss: 0.20831 | 0.01903 0.00002 0.10326 0.10493242[0m
[0;30;43m2024-10-02 09-26-53 | [pretrain] Epoch 2981 | Train Loss: 0.18517 | 0.01911 0.00002 0.10238 0.08266907[0m
[0;30;43m2024-10-02 09-27-33 | [pretrain] Epoch 2991 | Train Loss: 0.23422 | 0.01924 0.00002 0.12159 0.11250895[0m
